<?xml version="1.0" encoding="UTF-8"?>
<!-- Generated by org.testng.reporters.JUnitXMLReporter -->
<testsuite hostname="LAPTOP-6L1LSAPB" ignored="0" name="HubSpot Feature Testing" tests="5" failures="0" timestamp="09 Jul 2020 23:59:26 GMT" time="36.221" errors="0">
  <testcase name="verifySignUpLinkTest" time="8.047" classname="com.qa.hubspot.test.LoginPageTest"/>
  <testcase name="verifyLoginPageTitleTest" time="0.008" classname="com.qa.hubspot.test.LoginPageTest"/>
  <testcase name="verifyHomePageHeader" time="0.077" classname="com.qa.hubspot.test.HomePageTest"/>
  <testcase name="loginTest" time="0.558" classname="com.qa.hubspot.test.LoginPageTest"/>
  <testcase name="verifyContactsLinkTest" time="0.066" classname="com.qa.hubspot.test.HomePageTest"/>
</testsuite> <!-- HubSpot Feature Testing -->
