<?xml version="1.0" encoding="UTF-8"?>
<testng-results skipped="0" failed="0" ignored="0" total="3" passed="3">
  <reporter-output>
  </reporter-output>
  <suite name="Default suite" duration-ms="13543" started-at="2020-07-13T22:32:32Z" finished-at="2020-07-13T22:32:45Z">
    <groups>
    </groups>
    <test name="Default test" duration-ms="13543" started-at="2020-07-13T22:32:32Z" finished-at="2020-07-13T22:32:45Z">
      <class name="com.qa.hubspot.test.LoginPageTest">
        <test-method status="PASS" signature="setUp()[pri:0, instance:com.qa.hubspot.test.LoginPageTest@1832929]" name="setUp" is-config="true" duration-ms="6652" started-at="2020-07-13T22:32:32Z" finished-at="2020-07-13T22:32:38Z">
          <reporter-output>
          </reporter-output>
        </test-method> <!-- setUp -->
        <test-method status="PASS" signature="verifySignUpLinkTest()[pri:1, instance:com.qa.hubspot.test.LoginPageTest@1832929]" name="verifySignUpLinkTest" duration-ms="5204" started-at="2020-07-13T22:32:39Z" finished-at="2020-07-13T22:32:44Z">
          <reporter-output>
          </reporter-output>
        </test-method> <!-- verifySignUpLinkTest -->
        <test-method status="PASS" signature="verifyLoginPageTitleTest()[pri:2, instance:com.qa.hubspot.test.LoginPageTest@1832929]" name="verifyLoginPageTitleTest" duration-ms="36" started-at="2020-07-13T22:32:44Z" finished-at="2020-07-13T22:32:44Z">
          <reporter-output>
          </reporter-output>
        </test-method> <!-- verifyLoginPageTitleTest -->
        <test-method status="PASS" signature="loginTest()[pri:3, instance:com.qa.hubspot.test.LoginPageTest@1832929]" name="loginTest" duration-ms="848" started-at="2020-07-13T22:32:44Z" finished-at="2020-07-13T22:32:45Z">
          <reporter-output>
          </reporter-output>
        </test-method> <!-- loginTest -->
        <test-method status="PASS" signature="tearDown()[pri:0, instance:com.qa.hubspot.test.LoginPageTest@1832929]" name="tearDown" is-config="true" duration-ms="764" started-at="2020-07-13T22:32:45Z" finished-at="2020-07-13T22:32:45Z">
          <reporter-output>
          </reporter-output>
        </test-method> <!-- tearDown -->
      </class> <!-- com.qa.hubspot.test.LoginPageTest -->
    </test> <!-- Default test -->
  </suite> <!-- Default suite -->
</testng-results>
